cuda:2
build dataset success
build model success
build train loader success
batch: 0, nodes: 185, edges: 148, memory: 1387008
batch: 1, nodes: 192, edges: 220, memory: 1923072
batch: 2, nodes: 192, edges: 190, memory: 1878016
batch: 3, nodes: 192, edges: 214, memory: 1915392
batch: 4, nodes: 188, edges: 172, memory: 1831936
batch: 5, nodes: 190, edges: 150, memory: 1810944
batch: 6, nodes: 189, edges: 206, memory: 1888768
batch: 7, nodes: 189, edges: 162, memory: 1822720
batch: 8, nodes: 186, edges: 138, memory: 1771520
batch: 9, nodes: 185, edges: 150, memory: 1782784
batch: 10, nodes: 184, edges: 132, memory: 1748992
batch: 11, nodes: 188, edges: 204, memory: 1879552
batch: 12, nodes: 186, edges: 144, memory: 1779200
batch: 13, nodes: 191, edges: 152, memory: 1820160
batch: 14, nodes: 190, edges: 204, memory: 1890304
batch: 15, nodes: 185, edges: 162, memory: 1801216
batch: 16, nodes: 189, edges: 172, memory: 1838592
batch: 17, nodes: 189, edges: 166, memory: 1830912
batch: 18, nodes: 187, edges: 124, memory: 1756160
batch: 19, nodes: 186, edges: 150, memory: 1786880
build train loader success
batch: 0, nodes: 4335, edges: 7030, memory: 30407680
batch: 1, nodes: 3635, edges: 4906, memory: 24193024
batch: 2, nodes: 4033, edges: 6233, memory: 27451392
batch: 3, nodes: 3961, edges: 5639, memory: 26292736
batch: 4, nodes: 4018, edges: 5782, memory: 26603520
batch: 5, nodes: 4129, edges: 6122, memory: 27629568
batch: 6, nodes: 4212, edges: 6711, memory: 28942336
batch: 7, nodes: 4373, edges: 7085, memory: 30518784
batch: 8, nodes: 4290, edges: 6446, memory: 29669888
batch: 9, nodes: 4284, edges: 6518, memory: 29726720
batch: 10, nodes: 4081, edges: 6130, memory: 28460544
batch: 11, nodes: 4329, edges: 6942, memory: 30289920
batch: 12, nodes: 4120, edges: 6100, memory: 27537408
batch: 13, nodes: 3999, edges: 5830, memory: 26596864
batch: 14, nodes: 3619, edges: 5193, memory: 24354304
batch: 15, nodes: 4263, edges: 6609, memory: 29839360
batch: 16, nodes: 3955, edges: 5991, memory: 26672128
batch: 17, nodes: 3954, edges: 5792, memory: 26369024
batch: 18, nodes: 4356, edges: 6650, memory: 29895168
batch: 19, nodes: 4357, edges: 6559, memory: 29781504
build train loader success
batch: 0, nodes: 558, edges: 460, memory: 4311552
batch: 1, nodes: 561, edges: 604, memory: 4542976
batch: 2, nodes: 547, edges: 456, memory: 4246016
batch: 3, nodes: 566, edges: 488, memory: 4396544
batch: 4, nodes: 563, edges: 540, memory: 4459008
batch: 5, nodes: 563, edges: 546, memory: 4469760
batch: 6, nodes: 559, edges: 566, memory: 4476416
batch: 7, nodes: 552, edges: 532, memory: 4384256
batch: 8, nodes: 564, edges: 576, memory: 4517888
batch: 9, nodes: 562, edges: 566, memory: 4491776
batch: 10, nodes: 566, edges: 600, memory: 4562432
batch: 11, nodes: 563, edges: 494, memory: 4393472
batch: 12, nodes: 560, edges: 500, memory: 4383232
batch: 13, nodes: 557, edges: 506, memory: 4376064
batch: 14, nodes: 565, edges: 538, memory: 4467200
batch: 15, nodes: 562, edges: 532, memory: 4442112
batch: 16, nodes: 564, edges: 528, memory: 4447744
batch: 17, nodes: 567, edges: 568, memory: 4521472
batch: 18, nodes: 564, edges: 446, memory: 4325888
batch: 19, nodes: 564, edges: 620, memory: 4581376
build train loader success
